<?xml version="1.0" encoding="UTF-8"?>
<!-- Generated by org.testng.reporters.JUnitReportReporter -->
<testsuite skipped="0" hostname="IBM-Testing01" name="com.training.sanity.tests.CYTC_003" tests="1" failures="0" timestamp="20 Jan 2020 04:38:18 GMT" time="23.322" errors="0">
  <testcase name="validLoginTest" time="23.322" classname="com.training.sanity.tests.CYTC_003"/>
</testsuite> <!-- com.training.sanity.tests.CYTC_003 -->
