<?xml version="1.0" encoding="UTF-8"?>
<!-- Generated by org.testng.reporters.JUnitReportReporter -->
<testsuite skipped="0" hostname="IBM-Testing01" name="com.training.sanity.tests.CYTC_010" tests="1" failures="0" timestamp="16 Jan 2020 06:24:36 GMT" time="17.655" errors="0">
  <testcase name="validLoginTest" time="17.655" classname="com.training.sanity.tests.CYTC_010"/>
</testsuite> <!-- com.training.sanity.tests.CYTC_010 -->
