<?xml version="1.0" encoding="UTF-8"?>
<!-- Generated by org.testng.reporters.JUnitReportReporter -->
<testsuite skipped="0" hostname="IBM-Testing01" name="com.training.sanity.tests.LoginAdminTest" tests="1" failures="0" timestamp="14 Jan 2020 11:39:39 GMT" time="14.429" errors="0">
  <testcase name="validLoginTest" time="14.429" classname="com.training.sanity.tests.LoginAdminTest"/>
</testsuite> <!-- com.training.sanity.tests.LoginAdminTest -->
