<?xml version="1.0" encoding="UTF-8"?>
<!-- Generated by org.testng.reporters.JUnitReportReporter -->
<testsuite skipped="0" hostname="IBM-Testing01" name="com.training.sanity.tests.AdvertisementTests" tests="1" failures="0" timestamp="20 Jan 2020 10:39:11 GMT" time="50.869" errors="0">
  <testcase name="validLoginTest" time="50.869" classname="com.training.sanity.tests.AdvertisementTests"/>
</testsuite> <!-- com.training.sanity.tests.AdvertisementTests -->
