<?xml version="1.0" encoding="UTF-8"?>
<!-- Generated by org.testng.reporters.JUnitReportReporter -->
<testsuite skipped="0" hostname="IBM-Testing01" name="com.training.sanity.tests.CYTC_009" tests="1" failures="0" timestamp="16 Jan 2020 06:19:14 GMT" time="18.376" errors="0">
  <testcase name="validLoginTest" time="18.376" classname="com.training.sanity.tests.CYTC_009"/>
</testsuite> <!-- com.training.sanity.tests.CYTC_009 -->
