<?xml version="1.0" encoding="UTF-8"?>
<!-- Generated by org.testng.reporters.JUnitReportReporter -->
<testsuite skipped="0" hostname="IBM-Testing01" name="com.training.sanity.tests.LoginTest" tests="1" failures="0" timestamp="14 Jan 2020 05:50:05 GMT" time="15.180" errors="0">
  <testcase name="validLoginTest" time="15.180" classname="com.training.sanity.tests.LoginTest"/>
</testsuite> <!-- com.training.sanity.tests.LoginTest -->
