<?xml version="1.0" encoding="UTF-8"?>
<!-- Generated by org.testng.reporters.JUnitReportReporter -->
<testsuite skipped="0" hostname="IBM-Testing01" name="com.training.sanity.tests.CYTC_008" tests="1" failures="0" timestamp="16 Jan 2020 06:11:40 GMT" time="24.444" errors="0">
  <testcase name="logout" time="24.444" classname="com.training.sanity.tests.CYTC_008"/>
</testsuite> <!-- com.training.sanity.tests.CYTC_008 -->
