<?xml version="1.0" encoding="UTF-8"?>
<!-- Generated by org.testng.reporters.JUnitReportReporter -->
<testsuite skipped="0" hostname="IBM-Testing01" name="com.training.sanity.tests.ChangeAddressTest" tests="1" failures="0" timestamp="14 Jan 2020 08:44:08 GMT" time="19.127" errors="0">
  <testcase name="validLoginTest" time="19.127" classname="com.training.sanity.tests.ChangeAddressTest"/>
</testsuite> <!-- com.training.sanity.tests.ChangeAddressTest -->
