<?xml version="1.0" encoding="UTF-8"?>
<!-- Generated by org.testng.reporters.JUnitReportReporter -->
<testsuite skipped="0" hostname="IBM-Testing01" name="com.training.sanity.tests.RegistrationTests" tests="1" failures="0" timestamp="14 Jan 2020 05:52:08 GMT" time="26.865" errors="0">
  <testcase name="validLoginTest" time="26.865" classname="com.training.sanity.tests.RegistrationTests"/>
</testsuite> <!-- com.training.sanity.tests.RegistrationTests -->
