<?xml version="1.0" encoding="UTF-8"?>
<!-- Generated by org.testng.reporters.JUnitReportReporter -->
<testsuite skipped="0" hostname="IBM-Testing01" name="com.training.sanity.tests.PermissionTest" tests="1" failures="0" timestamp="14 Jan 2020 10:23:53 GMT" time="22.140" errors="0">
  <testcase name="validLoginTest" time="22.140" classname="com.training.sanity.tests.PermissionTest"/>
</testsuite> <!-- com.training.sanity.tests.PermissionTest -->
