<?xml version="1.0" encoding="UTF-8"?>
<!-- Generated by org.testng.reporters.JUnitReportReporter -->
<testsuite skipped="0" hostname="IBM-Testing01" name="com.training.sanity.tests.AdminLogoutPOMtest" tests="1" failures="0" timestamp="14 Jan 2020 11:10:52 GMT" time="14.655" errors="0">
  <testcase name="validadminLoginTest" time="14.655" classname="com.training.sanity.tests.AdminLogoutPOMtest"/>
</testsuite> <!-- com.training.sanity.tests.AdminLogoutPOMtest -->
