<?xml version="1.0" encoding="UTF-8"?>
<!-- Generated by org.testng.reporters.JUnitReportReporter -->
<testsuite skipped="0" hostname="IBM-Testing01" name="com.training.sanity.tests.LoginUserTest" tests="1" failures="0" timestamp="16 Jan 2020 04:20:40 GMT" time="14.521" errors="0">
  <testcase name="validLoginTest" time="14.521" classname="com.training.sanity.tests.LoginUserTest"/>
</testsuite> <!-- com.training.sanity.tests.LoginUserTest -->
